[1028/012724.000:ERROR:directory_reader_win.cc(43)] FindFirstFile: O sistema não pode encontrar o caminho especificado. (0x3)
[1028/114642.530:ERROR:directory_reader_win.cc(43)] FindFirstFile: O sistema não pode encontrar o caminho especificado. (0x3)
[1028/141541.469:ERROR:directory_reader_win.cc(43)] FindFirstFile: O sistema não pode encontrar o caminho especificado. (0x3)
[1028/152913.964:ERROR:directory_reader_win.cc(43)] FindFirstFile: O sistema não pode encontrar o caminho especificado. (0x3)
[1028/155049.282:ERROR:process_reader_win.cc(151)] SuspendThread: Acesso negado. (0x5)
[1028/155049.283:ERROR:process_reader_win.cc(151)] SuspendThread: Acesso negado. (0x5)
[1028/155049.283:ERROR:process_reader_win.cc(151)] SuspendThread: Acesso negado. (0x5)
[1028/155049.284:ERROR:process_reader_win.cc(151)] SuspendThread: Acesso negado. (0x5)
[1028/155049.284:ERROR:process_reader_win.cc(151)] SuspendThread: Acesso negado. (0x5)
[1028/155049.285:ERROR:process_reader_win.cc(151)] SuspendThread: Acesso negado. (0x5)
[1028/155049.285:ERROR:process_reader_win.cc(151)] SuspendThread: Acesso negado. (0x5)
[1028/155049.285:ERROR:process_reader_win.cc(151)] SuspendThread: Acesso negado. (0x5)
[1028/155049.285:ERROR:process_reader_win.cc(151)] SuspendThread: Acesso negado. (0x5)
[1028/155049.285:ERROR:process_reader_win.cc(151)] SuspendThread: Acesso negado. (0x5)
[1028/155059.340:ERROR:process_reader_win.cc(151)] SuspendThread: Acesso negado. (0x5)
[1028/155059.340:ERROR:process_reader_win.cc(151)] SuspendThread: Acesso negado. (0x5)
[1028/155059.340:ERROR:process_reader_win.cc(151)] SuspendThread: Acesso negado. (0x5)
[1028/161044.983:ERROR:directory_reader_win.cc(43)] FindFirstFile: O sistema não pode encontrar o caminho especificado. (0x3)
[1029/160622.829:ERROR:settings.cc(325)] Settings version is not 1
[1030/212318.308:ERROR:directory_reader_win.cc(43)] FindFirstFile: O sistema não pode encontrar o caminho especificado. (0x3)
[1031/122049.796:ERROR:directory_reader_win.cc(43)] FindFirstFile: O sistema não pode encontrar o caminho especificado. (0x3)
[1031/135615.028:ERROR:directory_reader_win.cc(43)] FindFirstFile: O sistema não pode encontrar o caminho especificado. (0x3)
[1031/155855.726:ERROR:directory_reader_win.cc(43)] FindFirstFile: O sistema não pode encontrar o caminho especificado. (0x3)
[1031/221527.298:ERROR:directory_reader_win.cc(43)] FindFirstFile: O sistema não pode encontrar o caminho especificado. (0x3)
[1031/224020.149:ERROR:filesystem_win.cc(129)] GetFileAttributes C:\Users\luism\AppData\Local\Temp\karma-19614814\Crashpad\attachments\04dfab6b-abee-4688-bd90-cce19310e037: O sistema não pode encontrar o caminho especificado. (0x3)
[1031/225701.753:ERROR:directory_reader_win.cc(43)] FindFirstFile: O sistema não pode encontrar o caminho especificado. (0x3)
[1101/001653.522:ERROR:directory_reader_win.cc(43)] FindFirstFile: O sistema não pode encontrar o caminho especificado. (0x3)
[1101/074629.386:ERROR:directory_reader_win.cc(43)] FindFirstFile: O sistema não pode encontrar o caminho especificado. (0x3)
[1101/082520.903:ERROR:directory_reader_win.cc(43)] FindFirstFile: O sistema não pode encontrar o caminho especificado. (0x3)
[1101/090315.008:ERROR:directory_reader_win.cc(43)] FindFirstFile: O sistema não pode encontrar o caminho especificado. (0x3)
[1101/122113.676:ERROR:directory_reader_win.cc(43)] FindFirstFile: O sistema não pode encontrar o caminho especificado. (0x3)
[1101/123740.605:ERROR:directory_reader_win.cc(43)] FindFirstFile: O sistema não pode encontrar o caminho especificado. (0x3)
[1101/131407.291:ERROR:filesystem_win.cc(129)] GetFileAttributes C:\Users\luism\AppData\Local\Temp\karma-23892039\Crashpad\attachments\eff58bd8-e85d-4f57-93b8-4d6ead569114: O sistema não pode encontrar o caminho especificado. (0x3)
[1101/131407.371:ERROR:process_reader_win.cc(151)] SuspendThread: Acesso negado. (0x5)
[1101/131407.371:ERROR:process_reader_win.cc(151)] SuspendThread: Acesso negado. (0x5)
[1101/131407.372:ERROR:process_reader_win.cc(151)] SuspendThread: Acesso negado. (0x5)
[1101/131408.399:ERROR:process_reader_win.cc(151)] SuspendThread: Acesso negado. (0x5)
[1101/131408.502:ERROR:process_reader_win.cc(151)] SuspendThread: Acesso negado. (0x5)
[1101/131408.502:ERROR:process_reader_win.cc(151)] SuspendThread: Acesso negado. (0x5)
[1101/131408.785:ERROR:process_reader_win.cc(151)] SuspendThread: Acesso negado. (0x5)
[1101/162742.927:ERROR:directory_reader_win.cc(43)] FindFirstFile: O sistema não pode encontrar o caminho especificado. (0x3)
[1101/163222.393:ERROR:filesystem_win.cc(129)] GetFileAttributes C:\Users\luism\AppData\Local\Temp\karma-40009542\Crashpad\attachments\a5706427-0f9a-4f51-b222-7f38c098abdd: O sistema não pode encontrar o caminho especificado. (0x3)
[1101/164509.031:ERROR:directory_reader_win.cc(43)] FindFirstFile: O sistema não pode encontrar o caminho especificado. (0x3)
[1101/172106.153:ERROR:directory_reader_win.cc(43)] FindFirstFile: O sistema não pode encontrar o caminho especificado. (0x3)
